# JRE version: OpenJDK Runtime Environment (8.0_242-b01) (build 1.8.0_242-release-1644-b01)
# Java VM: OpenJDK 64-Bit Server VM (25.242-b01 mixed mode windows-amd64 compressed oops)
Heap:
 PSYoungGen      total 614912K, used 202657K [0x00000000d5580000, 0x00000000ffc00000, 0x0000000100000000)
  eden space 539136K, 36% used [0x00000000d5580000,0x00000000e16c0540,0x00000000f6400000)
  from space 75776K, 6% used [0x00000000fb200000,0x00000000fb6a8000,0x00000000ffc00000)
  to   space 77824K, 0% used [0x00000000f6400000,0x00000000f6400000,0x00000000fb000000)
 ParOldGen       total 289792K, used 148033K [0x0000000080000000, 0x0000000091b00000, 0x00000000d5580000)
  object space 289792K, 51% used [0x0000000080000000,0x0000000089090628,0x0000000091b00000)
 Metaspace       used 164372K, capacity 176646K, committed 177008K, reserved 1204224K
  class space    used 21030K, capacity 23042K, committed 23176K, reserved 1048576K
GC Heap History (10 events):
Event: 6057.976 GC heap before
{Heap before GC invocations=39 (full 5):
 PSYoungGen      total 543744K, used 543250K [0x00000000d5580000, 0x00000000ff880000, 0x0000000100000000)
  eden space 523264K, 100% used [0x00000000d5580000,0x00000000f5480000,0x00000000f5480000)
  from space 20480K, 97% used [0x00000000f5480000,0x00000000f6804b88,0x00000000f6880000)
  to   space 83968K, 0% used [0x00000000fa680000,0x00000000fa680000,0x00000000ff880000)
 ParOldGen       total 289792K, used 127258K [0x0000000080000000, 0x0000000091b00000, 0x00000000d5580000)
  object space 289792K, 43% used [0x0000000080000000,0x0000000087c46948,0x0000000091b00000)
 Metaspace       used 163929K, capacity 176208K, committed 176496K, reserved 1202176K
  class space    used 20985K, capacity 22993K, committed 23176K, reserved 1048576K
Event: 6058.059 GC heap after
Heap after GC invocations=39 (full 5):
 PSYoungGen      total 607744K, used 10216K [0x00000000d5580000, 0x0000000100000000, 0x0000000100000000)
  eden space 523776K, 0% used [0x00000000d5580000,0x00000000d5580000,0x00000000f5500000)
  from space 83968K, 12% used [0x00000000fa680000,0x00000000fb07a0a0,0x00000000ff880000)
  to   space 83456K, 0% used [0x00000000f5500000,0x00000000f5500000,0x00000000fa680000)
 ParOldGen       total 289792K, used 128834K [0x0000000080000000, 0x0000000091b00000, 0x00000000d5580000)
  object space 289792K, 44% used [0x0000000080000000,0x0000000087dd0948,0x0000000091b00000)
 Metaspace       used 163929K, capacity 176208K, committed 176496K, reserved 1202176K
  class space    used 20985K, capacity 22993K, committed 23176K, reserved 1048576K
}
Event: 6064.376 GC heap before
{Heap before GC invocations=40 (full 5):
 PSYoungGen      total 607744K, used 533992K [0x00000000d5580000, 0x0000000100000000, 0x0000000100000000)
  eden space 523776K, 100% used [0x00000000d5580000,0x00000000f5500000,0x00000000f5500000)
  from space 83968K, 12% used [0x00000000fa680000,0x00000000fb07a0a0,0x00000000ff880000)
  to   space 83456K, 0% used [0x00000000f5500000,0x00000000f5500000,0x00000000fa680000)
 ParOldGen       total 289792K, used 128834K [0x0000000080000000, 0x0000000091b00000, 0x00000000d5580000)
  object space 289792K, 44% used [0x0000000080000000,0x0000000087dd0948,0x0000000091b00000)
 Metaspace       used 163944K, capacity 176212K, committed 176496K, reserved 1202176K
  class space    used 20986K, capacity 22993K, committed 23176K, reserved 1048576K
Event: 6064.425 GC heap after
Heap after GC invocations=40 (full 5):
 PSYoungGen      total 607232K, used 7827K [0x00000000d5580000, 0x00000000ffe80000, 0x0000000100000000)
  eden space 523776K, 0% used [0x00000000d5580000,0x00000000d5580000,0x00000000f5500000)
  from space 83456K, 9% used [0x00000000f5500000,0x00000000f5ca4ce8,0x00000000fa680000)
  to   space 82944K, 0% used [0x00000000fad80000,0x00000000fad80000,0x00000000ffe80000)
 ParOldGen       total 289792K, used 130570K [0x0000000080000000, 0x0000000091b00000, 0x00000000d5580000)
  object space 289792K, 45% used [0x0000000080000000,0x0000000087f82948,0x0000000091b00000)
 Metaspace       used 163944K, capacity 176212K, committed 176496K, reserved 1202176K
  class space    used 20986K, capacity 22993K, committed 23176K, reserved 1048576K
}
Event: 6068.025 GC heap before
{Heap before GC invocations=41 (full 5):
 PSYoungGen      total 607232K, used 531603K [0x00000000d5580000, 0x00000000ffe80000, 0x0000000100000000)
  eden space 523776K, 100% used [0x00000000d5580000,0x00000000f5500000,0x00000000f5500000)
  from space 83456K, 9% used [0x00000000f5500000,0x00000000f5ca4ce8,0x00000000fa680000)
  to   space 82944K, 0% used [0x00000000fad80000,0x00000000fad80000,0x00000000ffe80000)
 ParOldGen       total 289792K, used 130570K [0x0000000080000000, 0x0000000091b00000, 0x00000000d5580000)
  object space 289792K, 45% used [0x0000000080000000,0x0000000087f82948,0x0000000091b00000)
 Metaspace       used 163983K, capacity 176284K, committed 176496K, reserved 1202176K
  class space    used 20986K, capacity 22993K, committed 23176K, reserved 1048576K
Event: 6068.068 GC heap after
Heap after GC invocations=41 (full 5):
 PSYoungGen      total 611328K, used 17434K [0x00000000d5580000, 0x00000000ffa80000, 0x0000000100000000)
  eden space 532480K, 0% used [0x00000000d5580000,0x00000000d5580000,0x00000000f5d80000)
  from space 78848K, 22% used [0x00000000fad80000,0x00000000fbe86a30,0x00000000ffa80000)
  to   space 80384K, 0% used [0x00000000f5d80000,0x00000000f5d80000,0x00000000fac00000)
 ParOldGen       total 289792K, used 133186K [0x0000000080000000, 0x0000000091b00000, 0x00000000d5580000)
  object space 289792K, 45% used [0x0000000080000000,0x0000000088210958,0x0000000091b00000)
 Metaspace       used 163983K, capacity 176284K, committed 176496K, reserved 1202176K
  class space    used 20986K, capacity 22993K, committed 23176K, reserved 1048576K
}
Event: 6072.058 GC heap before
{Heap before GC invocations=42 (full 5):
 PSYoungGen      total 611328K, used 549914K [0x00000000d5580000, 0x00000000ffa80000, 0x0000000100000000)
  eden space 532480K, 100% used [0x00000000d5580000,0x00000000f5d80000,0x00000000f5d80000)
  from space 78848K, 22% used [0x00000000fad80000,0x00000000fbe86a30,0x00000000ffa80000)
  to   space 80384K, 0% used [0x00000000f5d80000,0x00000000f5d80000,0x00000000fac00000)
 ParOldGen       total 289792K, used 133186K [0x0000000080000000, 0x0000000091b00000, 0x00000000d5580000)
  object space 289792K, 45% used [0x0000000080000000,0x0000000088210958,0x0000000091b00000)
 Metaspace       used 164027K, capacity 176306K, committed 176496K, reserved 1202176K
  class space    used 20990K, capacity 22996K, committed 23176K, reserved 1048576K
Event: 6072.119 GC heap after
Heap after GC invocations=42 (full 5):
 PSYoungGen      total 612864K, used 5943K [0x00000000d5580000, 0x00000000fff80000, 0x0000000100000000)
  eden space 532480K, 0% used [0x00000000d5580000,0x00000000d5580000,0x00000000f5d80000)
  from space 80384K, 7% used [0x00000000f5d80000,0x00000000f634dc08,0x00000000fac00000)
  to   space 79360K, 0% used [0x00000000fb200000,0x00000000fb200000,0x00000000fff80000)
 ParOldGen       total 289792K, used 144197K [0x0000000080000000, 0x0000000091b00000, 0x00000000d5580000)
  object space 289792K, 49% used [0x0000000080000000,0x0000000088cd17f8,0x0000000091b00000)
 Metaspace       used 164027K, capacity 176306K, committed 176496K, reserved 1202176K
  class space    used 20990K, capacity 22996K, committed 23176K, reserved 1048576K
}
Event: 6074.950 GC heap before
{Heap before GC invocations=43 (full 5):
 PSYoungGen      total 612864K, used 538423K [0x00000000d5580000, 0x00000000fff80000, 0x0000000100000000)
  eden space 532480K, 100% used [0x00000000d5580000,0x00000000f5d80000,0x00000000f5d80000)
  from space 80384K, 7% used [0x00000000f5d80000,0x00000000f634dc08,0x00000000fac00000)
  to   space 79360K, 0% used [0x00000000fb200000,0x00000000fb200000,0x00000000fff80000)
 ParOldGen       total 289792K, used 144197K [0x0000000080000000, 0x0000000091b00000, 0x00000000d5580000)
  object space 289792K, 49% used [0x0000000080000000,0x0000000088cd17f8,0x0000000091b00000)
 Metaspace       used 164074K, capacity 176376K, committed 176752K, reserved 1202176K
  class space    used 20997K, capacity 22997K, committed 23176K, reserved 1048576K
Event: 6074.970 GC heap after
Heap after GC invocations=43 (full 5):
 PSYoungGen      total 614912K, used 4768K [0x00000000d5580000, 0x00000000ffc00000, 0x0000000100000000)
  eden space 539136K, 0% used [0x00000000d5580000,0x00000000d5580000,0x00000000f6400000)
  from space 75776K, 6% used [0x00000000fb200000,0x00000000fb6a8000,0x00000000ffc00000)
  to   space 77824K, 0% used [0x00000000f6400000,0x00000000f6400000,0x00000000fb000000)
 ParOldGen       total 289792K, used 148033K [0x0000000080000000, 0x0000000091b00000, 0x00000000d5580000)
  object space 289792K, 51% used [0x0000000080000000,0x0000000089090628,0x0000000091b00000)
 Metaspace       used 164074K, capacity 176376K, committed 176752K, reserved 1202176K
  class space    used 20997K, capacity 22997K, committed 23176K, reserved 1048576K
}

